<?xml version="1.0" encoding="UTF-8"?>
<!-- Generated by org.testng.reporters.JUnitReportReporter -->
<testsuite skipped="0" hostname="DESKTOP-0VKQUJV" name="com.testscripts.OneScript" tests="1" failures="0" timestamp="2020-09-14T13:04:49 IST" time="7.189" errors="0">
  <testcase name="scriptOne" time="7.189" classname="com.testscripts.OneScript"/>
  <system-out/>
</testsuite> <!-- com.testscripts.OneScript -->
