<?xml version="1.0" encoding="UTF-8"?>
<!-- Generated by org.testng.reporters.JUnitReportReporter -->
<testsuite skipped="0" hostname="DESKTOP-0VKQUJV" name="com.testscripts.TestScript1" tests="1" failures="0" timestamp="2020-09-14T12:47:12 IST" time="8.178" errors="0">
  <testcase name="creatingTask" time="8.178" classname="com.testscripts.TestScript1"/>
</testsuite> <!-- com.testscripts.TestScript1 -->
